<?xml version="1.0" encoding="UTF-8"?>
<!-- Generated by org.testng.reporters.JUnitXMLReporter -->
<testsuite ignored="0" hostname="Collab" failures="0" tests="6" name="Default test" time="98.843" errors="0" timestamp="2025-04-24T15:56:51 IST">
  <testcase classname="Scary.Testing.Box" name="Createdoc" time="45.956"/>
  <testcase classname="Scary.Testing.Box" name="CreateDocFromFile" time="21.815"/>
  <testcase classname="Scary.Testing.Box" name="MakeACopy" time="13.347"/>
  <testcase classname="Scary.Testing.Box" name="TextEntering" time="0.61"/>
  <testcase classname="Scary.Testing.Box" name="InsertDrawing" time="13.986"/>
  <testcase classname="Scary.Testing.Box" name="Hello" time="0.002"/>
</testsuite> <!-- Default test -->
