<?xml version="1.0" encoding="UTF-8"?>
<!-- Generated by org.testng.reporters.JUnitReportReporter -->
<testsuite hostname="Collab" failures="0" tests="6" name="Scary.Testing.Box" time="95.716" errors="0" timestamp="2025-04-24T15:56:52 IST" skipped="0">
  <testcase classname="Scary.Testing.Box" name="Createdoc" time="45.956"/>
  <testcase classname="Scary.Testing.Box" name="CreateDocFromFile" time="21.815"/>
  <testcase classname="Scary.Testing.Box" name="MakeACopy" time="13.347"/>
  <testcase classname="Scary.Testing.Box" name="TextEntering" time="0.610"/>
  <testcase classname="Scary.Testing.Box" name="InsertDrawing" time="13.986"/>
  <testcase classname="Scary.Testing.Box" name="Hello" time="0.002"/>
</testsuite> <!-- Scary.Testing.Box -->
